mode: set
github.com/abates/hdhomerun/decoder.go:24.44,29.2 2 1
github.com/abates/hdhomerun/decoder.go:31.51,33.60 2 1
github.com/abates/hdhomerun/decoder.go:36.2,36.8 1 1
github.com/abates/hdhomerun/decoder.go:33.60,35.3 1 1
github.com/abates/hdhomerun/decoder.go:39.55,42.2 2 1
github.com/abates/hdhomerun/decoder.go:44.54,47.2 2 1
github.com/abates/hdhomerun/decoder.go:49.52,52.18 3 1
github.com/abates/hdhomerun/decoder.go:55.2,55.18 1 1
github.com/abates/hdhomerun/decoder.go:52.18,54.3 1 1
github.com/abates/hdhomerun/decoder.go:58.51,61.18 3 1
github.com/abates/hdhomerun/decoder.go:66.2,66.20 1 1
github.com/abates/hdhomerun/decoder.go:61.18,62.19 1 1
github.com/abates/hdhomerun/decoder.go:62.19,64.4 1 0
github.com/abates/hdhomerun/decoder.go:69.53,70.22 1 1
github.com/abates/hdhomerun/decoder.go:101.2,101.12 1 1
github.com/abates/hdhomerun/decoder.go:70.22,72.22 2 1
github.com/abates/hdhomerun/decoder.go:77.3,80.29 3 1
github.com/abates/hdhomerun/decoder.go:92.3,93.34 2 1
github.com/abates/hdhomerun/decoder.go:97.3,99.29 3 1
github.com/abates/hdhomerun/decoder.go:72.22,75.4 2 0
github.com/abates/hdhomerun/decoder.go:80.29,81.23 1 0
github.com/abates/hdhomerun/decoder.go:86.4,88.38 3 0
github.com/abates/hdhomerun/decoder.go:81.23,84.5 2 0
github.com/abates/hdhomerun/decoder.go:89.4,91.4 1 1
github.com/abates/hdhomerun/decoder.go:93.34,96.4 2 0
github.com/abates/hdhomerun/device.go:15.50,23.2 5 0
github.com/abates/hdhomerun/device.go:25.35,28.2 0 0
github.com/abates/hdhomerun/device.go:30.42,33.2 0 0
github.com/abates/hdhomerun/encoder.go:15.44,20.2 2 1
github.com/abates/hdhomerun/encoder.go:22.48,23.18 1 1
github.com/abates/hdhomerun/encoder.go:26.2,26.17 1 0
github.com/abates/hdhomerun/encoder.go:23.18,25.3 1 1
github.com/abates/hdhomerun/encoder.go:29.37,31.27 2 1
github.com/abates/hdhomerun/encoder.go:44.2,48.43 5 1
github.com/abates/hdhomerun/encoder.go:31.27,33.21 2 1
github.com/abates/hdhomerun/encoder.go:41.3,41.24 1 1
github.com/abates/hdhomerun/encoder.go:33.21,37.4 3 0
github.com/abates/hdhomerun/encoder.go:37.4,39.4 1 1
github.com/abates/hdhomerun/packet.go:69.32,74.27 5 0
github.com/abates/hdhomerun/packet.go:77.2,77.24 1 0
github.com/abates/hdhomerun/packet.go:74.27,76.3 1 0
github.com/abates/hdhomerun/packet.go:86.31,88.2 1 0
github.com/abates/hdhomerun/packet.go:90.29,92.28 2 0
github.com/abates/hdhomerun/packet.go:104.2,104.70 1 0
github.com/abates/hdhomerun/packet.go:92.28,93.47 1 0
github.com/abates/hdhomerun/packet.go:93.47,95.4 1 0
github.com/abates/hdhomerun/packet.go:95.4,95.51 1 0
github.com/abates/hdhomerun/packet.go:95.51,97.4 1 0
github.com/abates/hdhomerun/packet.go:97.4,97.53 1 0
github.com/abates/hdhomerun/packet.go:97.53,99.4 1 0
github.com/abates/hdhomerun/packet.go:100.3,100.33 1 0
github.com/abates/hdhomerun/packet.go:100.33,102.3 1 0
