mode: set
github.com/abates/hdhomerun/decoder.go:22.44,27.2 2 1
github.com/abates/hdhomerun/decoder.go:29.47,31.18 2 1
github.com/abates/hdhomerun/decoder.go:34.2,34.17 1 1
github.com/abates/hdhomerun/decoder.go:31.18,33.3 1 1
github.com/abates/hdhomerun/decoder.go:37.76,38.18 1 1
github.com/abates/hdhomerun/decoder.go:38.18,40.3 1 1
github.com/abates/hdhomerun/decoder.go:43.51,57.48 11 1
github.com/abates/hdhomerun/decoder.go:61.2,63.39 3 1
github.com/abates/hdhomerun/decoder.go:84.2,84.17 1 1
github.com/abates/hdhomerun/decoder.go:57.48,59.3 1 1
github.com/abates/hdhomerun/decoder.go:63.39,71.23 5 1
github.com/abates/hdhomerun/decoder.go:78.3,80.19 3 1
github.com/abates/hdhomerun/decoder.go:71.23,74.4 2 0
github.com/abates/hdhomerun/decoder.go:74.4,76.4 1 1
github.com/abates/hdhomerun/decoder.go:80.19,82.4 1 1
github.com/abates/hdhomerun/device.go:15.50,23.2 5 0
github.com/abates/hdhomerun/device.go:25.35,28.2 0 0
github.com/abates/hdhomerun/device.go:30.42,33.2 0 0
github.com/abates/hdhomerun/encoder.go:15.44,20.2 2 1
github.com/abates/hdhomerun/encoder.go:22.48,24.18 2 1
github.com/abates/hdhomerun/encoder.go:27.2,27.17 1 1
github.com/abates/hdhomerun/encoder.go:24.18,26.3 1 1
github.com/abates/hdhomerun/encoder.go:30.37,34.27 4 1
github.com/abates/hdhomerun/encoder.go:47.2,49.43 3 1
github.com/abates/hdhomerun/encoder.go:34.27,36.21 2 1
github.com/abates/hdhomerun/encoder.go:44.3,44.24 1 1
github.com/abates/hdhomerun/encoder.go:36.21,40.4 3 0
github.com/abates/hdhomerun/encoder.go:40.4,42.4 1 1
github.com/abates/hdhomerun/packet.go:69.32,74.27 5 1
github.com/abates/hdhomerun/packet.go:77.2,77.24 1 1
github.com/abates/hdhomerun/packet.go:74.27,76.3 1 1
github.com/abates/hdhomerun/packet.go:86.31,88.2 1 1
github.com/abates/hdhomerun/packet.go:90.29,92.28 2 1
github.com/abates/hdhomerun/packet.go:108.2,108.56 1 1
github.com/abates/hdhomerun/packet.go:92.28,93.47 1 1
github.com/abates/hdhomerun/packet.go:93.47,95.4 1 1
github.com/abates/hdhomerun/packet.go:95.4,95.51 1 1
github.com/abates/hdhomerun/packet.go:95.51,97.4 1 1
github.com/abates/hdhomerun/packet.go:97.4,97.53 1 1
github.com/abates/hdhomerun/packet.go:97.53,99.4 1 1
github.com/abates/hdhomerun/packet.go:100.3,100.33 1 1
github.com/abates/hdhomerun/packet.go:100.33,101.45 1 1
github.com/abates/hdhomerun/packet.go:101.45,103.4 1 1
github.com/abates/hdhomerun/packet.go:103.4,105.4 1 1
